2019-01-01 02:44:00.798  WARN 12100 --- [HikariPool-1 housekeeper] com.zaxxer.hikari.pool.HikariPool        : HikariPool-1 - Thread starvation or clock leap detected (housekeeper delta=52m7s877ms8µs983ns).
2019-01-01 06:54:00.640  WARN 12100 --- [HikariPool-1 housekeeper] com.zaxxer.hikari.pool.HikariPool        : HikariPool-1 - Thread starvation or clock leap detected (housekeeper delta=3h28s18ms387µs169ns).
2019-01-01 13:55:30.024  WARN 12100 --- [HikariPool-1 housekeeper] com.zaxxer.hikari.pool.HikariPool        : HikariPool-1 - Thread starvation or clock leap detected (housekeeper delta=7h1m31s856ms580µs740ns).
2019-01-01 19:14:01.966  INFO 26580 --- [main] c.p.gpproject.GpProjectApplicationTests  : Starting GpProjectApplicationTests on DESKTOP-8U61095 with PID 26580 (started by AlexRidle in D:\Work\GPSolutions\OtherProjects\Test-GP\project)
2019-01-01 19:14:01.969  INFO 26580 --- [main] c.p.gpproject.GpProjectApplicationTests  : No active profile set, falling back to default profiles: default
2019-01-01 19:14:03.511  INFO 26580 --- [main] .s.d.r.c.RepositoryConfigurationDelegate : Bootstrapping Spring Data repositories in DEFAULT mode.
2019-01-01 19:14:03.593  INFO 26580 --- [main] .s.d.r.c.RepositoryConfigurationDelegate : Finished Spring Data repository scanning in 75ms. Found 3 repository interfaces.
2019-01-01 19:14:03.681  INFO 26580 --- [main] o.s.c.a.ConfigurationClassPostProcessor  : Cannot enhance @Configuration bean definition 'com.vaadin.spring.VaadinConfiguration' since its singleton instance has been created too early. The typical cause is a non-static @Bean method with a BeanDefinitionRegistryPostProcessor return type: Consider declaring such methods as 'static'.
2019-01-01 19:14:04.139  INFO 26580 --- [main] trationDelegate$BeanPostProcessorChecker : Bean 'org.springframework.transaction.annotation.ProxyTransactionManagementConfiguration' of type [org.springframework.transaction.annotation.ProxyTransactionManagementConfiguration$$EnhancerBySpringCGLIB$$5b8a8fe5] is not eligible for getting processed by all BeanPostProcessors (for example: not eligible for auto-proxying)
2019-01-01 19:14:04.326  INFO 26580 --- [main] com.zaxxer.hikari.HikariDataSource       : HikariPool-1 - Starting...
2019-01-01 19:14:04.580  INFO 26580 --- [main] com.zaxxer.hikari.HikariDataSource       : HikariPool-1 - Start completed.
2019-01-01 19:14:05.297  INFO 26580 --- [main] liquibase.executor.jvm.JdbcExecutor      : SELECT COUNT(*) FROM gpbase.DATABASECHANGELOGLOCK
2019-01-01 19:14:05.378  INFO 26580 --- [main] liquibase.executor.jvm.JdbcExecutor      : SELECT COUNT(*) FROM gpbase.DATABASECHANGELOGLOCK
2019-01-01 19:14:05.380  INFO 26580 --- [main] liquibase.executor.jvm.JdbcExecutor      : SELECT `LOCKED` FROM gpbase.DATABASECHANGELOGLOCK WHERE ID=1
2019-01-01 19:14:05.463  INFO 26580 --- [main] l.lockservice.StandardLockService        : Successfully acquired change log lock
2019-01-01 19:14:06.554  INFO 26580 --- [main] liquibase.executor.jvm.JdbcExecutor      : SELECT MD5SUM FROM gpbase.DATABASECHANGELOG WHERE MD5SUM IS NOT NULL LIMIT 1
2019-01-01 19:14:06.557  INFO 26580 --- [main] liquibase.executor.jvm.JdbcExecutor      : SELECT COUNT(*) FROM gpbase.DATABASECHANGELOG
2019-01-01 19:14:06.558  INFO 26580 --- [main] l.c.StandardChangeLogHistoryService      : Reading from gpbase.DATABASECHANGELOG
2019-01-01 19:14:06.559  INFO 26580 --- [main] liquibase.executor.jvm.JdbcExecutor      : SELECT * FROM gpbase.DATABASECHANGELOG ORDER BY DATEEXECUTED ASC, ORDEREXECUTED ASC
2019-01-01 19:14:06.618  INFO 26580 --- [main] l.lockservice.StandardLockService        : Successfully released change log lock
2019-01-01 19:14:06.808  INFO 26580 --- [main] o.hibernate.jpa.internal.util.LogHelper  : HHH000204: Processing PersistenceUnitInfo [
	name: default
	...]
2019-01-01 19:14:06.914  INFO 26580 --- [main] org.hibernate.Version                    : HHH000412: Hibernate Core {5.3.7.Final}
2019-01-01 19:14:06.916  INFO 26580 --- [main] org.hibernate.cfg.Environment            : HHH000206: hibernate.properties not found
2019-01-01 19:14:07.136  INFO 26580 --- [main] o.hibernate.annotations.common.Version   : HCANN000001: Hibernate Commons Annotations {5.0.4.Final}
2019-01-01 19:14:07.312  INFO 26580 --- [main] org.hibernate.dialect.Dialect            : HHH000400: Using dialect: org.hibernate.dialect.MySQLDialect
2019-01-01 19:14:08.211  INFO 26580 --- [main] j.LocalContainerEntityManagerFactoryBean : Initialized JPA EntityManagerFactory for persistence unit 'default'
2019-01-01 19:14:08.829  INFO 26580 --- [main] f.a.AutowiredAnnotationBeanPostProcessor : Autowired annotation should only be used on methods with parameters: private org.springframework.security.crypto.password.PasswordEncoder com.patskevich.gpproject.service.CustomUserDetailsService.encoder()
2019-01-01 19:14:09.253  WARN 26580 --- [main] aWebConfiguration$JpaWebMvcConfiguration : spring.jpa.open-in-view is enabled by default. Therefore, database queries may be performed during view rendering. Explicitly configure spring.jpa.open-in-view to disable this warning
2019-01-01 19:14:09.858  INFO 26580 --- [main] o.s.s.web.DefaultSecurityFilterChain     : Creating filter chain: any request, [org.springframework.security.web.context.request.async.WebAsyncManagerIntegrationFilter@1c97c3bb, org.springframework.security.web.context.SecurityContextPersistenceFilter@68dc2f53, org.springframework.security.web.header.HeaderWriterFilter@3f12676, org.springframework.security.web.authentication.logout.LogoutFilter@3f267e1b, org.springframework.security.web.authentication.www.BasicAuthenticationFilter@682d8dad, org.springframework.security.web.savedrequest.RequestCacheAwareFilter@29088be1, org.springframework.security.web.servletapi.SecurityContextHolderAwareRequestFilter@eaa07bb, org.springframework.security.web.authentication.AnonymousAuthenticationFilter@68fc1e7f, org.springframework.security.web.session.SessionManagementFilter@24d097c8, org.springframework.security.web.access.ExceptionTranslationFilter@2aa65672, org.springframework.security.web.access.intercept.FilterSecurityInterceptor@67730dab]
2019-01-01 19:14:09.924  INFO 26580 --- [main] pertySourcedRequestMappingHandlerMapping : Mapped URL path [/v2/api-docs] onto method [public org.springframework.http.ResponseEntity<springfox.documentation.spring.web.json.Json> springfox.documentation.swagger2.web.Swagger2Controller.getDocumentation(java.lang.String,javax.servlet.http.HttpServletRequest)]
2019-01-01 19:14:10.563  INFO 26580 --- [main] o.s.s.concurrent.ThreadPoolTaskExecutor  : Initializing ExecutorService 'applicationTaskExecutor'
2019-01-01 19:14:10.863  INFO 26580 --- [main] c.v.s.b.i.VaadinServletConfiguration     : Checking the application context for Vaadin UI mappings
2019-01-01 19:14:10.885  INFO 26580 --- [main] c.v.s.b.i.VaadinServletConfiguration     : Registering Vaadin servlet of type [com.vaadin.spring.server.SpringVaadinServlet]
2019-01-01 19:14:10.886  INFO 26580 --- [main] c.v.s.b.i.VaadinServletConfiguration     : Registering Vaadin servlet
2019-01-01 19:14:10.887  INFO 26580 --- [main] c.v.s.b.i.VaadinServletConfiguration     : Servlet will be mapped to URLs [/vaadinServlet/*, /VAADIN/*]
2019-01-01 19:14:10.887  INFO 26580 --- [main] c.v.s.b.i.VaadinServletConfiguration     : Setting servlet init parameters
2019-01-01 19:14:10.887  INFO 26580 --- [main] c.v.s.b.i.VaadinServletConfiguration     : Set servlet init parameter [productionMode] = [false]
2019-01-01 19:14:10.887  INFO 26580 --- [main] c.v.s.b.i.VaadinServletConfiguration     : Set servlet init parameter [resourceCacheTime] = [3600]
2019-01-01 19:14:10.887  INFO 26580 --- [main] c.v.s.b.i.VaadinServletConfiguration     : Set servlet init parameter [heartbeatInterval] = [300]
2019-01-01 19:14:10.887  INFO 26580 --- [main] c.v.s.b.i.VaadinServletConfiguration     : Set servlet init parameter [closeIdleSessions] = [false]
2019-01-01 19:14:10.899  INFO 26580 --- [main] c.v.s.b.i.VaadinServletConfiguration     : Forwarding @SpringUI URLs from {/=org.springframework.web.servlet.mvc.ServletForwardingController@70a91d72}
2019-01-01 19:14:11.207  INFO 26580 --- [main] d.s.w.p.DocumentationPluginsBootstrapper : Context refreshed
2019-01-01 19:14:11.239  INFO 26580 --- [main] d.s.w.p.DocumentationPluginsBootstrapper : Found 1 custom documentation plugin(s)
2019-01-01 19:14:11.270  INFO 26580 --- [main] s.d.s.w.s.ApiListingReferenceScanner     : Scanning for api listing references
2019-01-01 19:14:11.580  INFO 26580 --- [main] c.p.gpproject.GpProjectApplicationTests  : Started GpProjectApplicationTests in 10.362 seconds (JVM running for 11.717)
2019-01-01 19:14:11.663  INFO 26580 --- [Thread-3] o.s.s.concurrent.ThreadPoolTaskExecutor  : Shutting down ExecutorService 'applicationTaskExecutor'
2019-01-01 19:14:11.668  INFO 26580 --- [Thread-3] j.LocalContainerEntityManagerFactoryBean : Closing JPA EntityManagerFactory for persistence unit 'default'
2019-01-01 19:14:11.672  INFO 26580 --- [Thread-3] com.zaxxer.hikari.HikariDataSource       : HikariPool-1 - Shutdown initiated...
2019-01-01 19:14:11.681  INFO 26580 --- [Thread-3] com.zaxxer.hikari.HikariDataSource       : HikariPool-1 - Shutdown completed.
